#
# A fatal error has been detected by the Java Runtime Environment:
#
#  EXCEPTION_ACCESS_VIOLATION (0xc0000005) at pc=0x0000000062b9e706, pid=1736, tid=0x0000000000002d5c
#
# JRE version: Java(TM) SE Runtime Environment (8.0_261-b12) (build 1.8.0_261-b12)
# Java VM: Java HotSpot(TM) 64-Bit Server VM (25.261-b12 mixed mode windows-amd64 compressed oops)
# Problematic frame:
# V  [jvm.dll+0x23e706]
#
# Failed to write core dump. Minidumps are not enabled by default on client versions of Windows
#
# If you would like to submit a bug report, please visit:
#   http://bugreport.java.com/bugreport/crash.jsp
#

---------------  T H R E A D  ---------------

Current thread (0x000001c6e7c83800):  VMThread [stack: 0x000000ac30e00000,0x000000ac30f00000] [id=11612]

siginfo: ExceptionCode=0xc0000005, reading address 0x0000000000000008

Registers:
RAX=0x0000000000000000, RBX=0x000000ac30efedd0, RCX=0x0000000000000000, RDX=0x0000000000000028
RSP=0x000000ac30efeb00, RBP=0x000000ac30eff330, RSI=0x0000000000000000, RDI=0x000000ac30eff4a0
R8 =0x0000000000000000, R9 =0x000001c6e731aca8, R10=0x000001c6e77c2ba0, R11=0x000001c6e731afde
R12=0x000000000000003c, R13=0x000001c6e7755628, R14=0x00000000000000b6, R15=0x0000000062960000
RIP=0x0000000062b9e706, EFLAGS=0x0000000000010206

Top of Stack: (sp=0x000000ac30efeb00)
0x000000ac30efeb00:   00000000ed6273f8 00000000ed6111d0
0x000000ac30efeb10:   00000000ed60d950 00000000ed609b20
0x000000ac30efeb20:   00000000ed606f58 00000000ed603df0
0x000000ac30efeb30:   00000000ed5ff840 00000000ed5fb038
0x000000ac30efeb40:   000000ac30bff230 000000ac30bff230
0x000000ac30efeb50:   00000000ed5ea798 00000000ed5e73a0
0x000000ac30efeb60:   00000000ed5e35a0 00000000ed5da318
0x000000ac30efeb70:   00000000ed5d3c30 00000000ed5cc3f8
0x000000ac30efeb80:   00000000ed5c84a0 00000000ed5c1fa0
0x000000ac30efeb90:   00000000ed5bd9e0 00000000ed5b9d70
0x000000ac30efeba0:   00000000ed5b3c48 00000000ed5af9b0
0x000000ac30efebb0:   00000000ed5ac008 00000000ed5a62d8
0x000000ac30efebc0:   00000000ed5a2320 00000000ed59ebd8
0x000000ac30efebd0:   00000000ed5992c0 00000000ed5955a8
0x000000ac30efebe0:   00000000ed592058 00000000ed58c2c8
0x000000ac30efebf0:   00000000ed58c2c8 00000000ed588f78 

Instructions: (pc=0x0000000062b9e706)
0x0000000062b9e6e6:   01 00 00 48 8b 05 38 7a 56 00 48 33 c4 48 89 84
0x0000000062b9e6f6:   24 30 01 00 00 48 8b d9 48 63 49 10 48 8b 43 08
0x0000000062b9e706:   38 54 08 08 74 33 44 0f be c2 48 8d 4c 24 20 48
0x0000000062b9e716:   8d 15 34 5d 3b 00 e8 bf d0 df ff ba 36 00 00 00 


Register to memory mapping:

RAX=0x0000000000000000 is an unknown value
RBX=0x000000ac30efedd0 is an unknown value
RCX=0x0000000000000000 is an unknown value
RDX=0x0000000000000028 is an unknown value
RSP=0x000000ac30efeb00 is an unknown value
RBP=0x000000ac30eff330 is an unknown value
RSI=0x0000000000000000 is an unknown value
RDI=0x000000ac30eff4a0 is an unknown value
R8 =0x0000000000000000 is an unknown value
R9 =0x000001c6e731aca8 is pointing into metadata
R10=0x000001c6e77c2ba0 is an unknown value
R11=0x000001c6e731afde is pointing into metadata
R12=0x000000000000003c is an unknown value
R13=0x000001c6e7755628 is an unknown value
R14=0x00000000000000b6 is an unknown value
R15=0x0000000062960000 is an unknown value


Stack: [0x000000ac30e00000,0x000000ac30f00000],  sp=0x000000ac30efeb00,  free space=1018k
Native frames: (J=compiled Java code, j=interpreted, Vv=VM code, C=native code)
V  [jvm.dll+0x23e706]
V  [jvm.dll+0x23ee24]
V  [jvm.dll+0x116523]
V  [jvm.dll+0x118483]
V  [jvm.dll+0x118cee]
V  [jvm.dll+0x11635a]
V  [jvm.dll+0x1154ea]
V  [jvm.dll+0xdccbb]
V  [jvm.dll+0xdd753]
V  [jvm.dll+0x1222f4]
V  [jvm.dll+0x145520]
V  [jvm.dll+0x1c9491]
V  [jvm.dll+0x255637]
V  [jvm.dll+0x253da5]
V  [jvm.dll+0x25451c]
V  [jvm.dll+0x25482c]
V  [jvm.dll+0x2a1cfc]
C  [ucrtbase.dll+0x210b2]
C  [KERNEL32.DLL+0x17c24]
C  [ntdll.dll+0x6d4d1]

VM_Operation (0x000000ac313ff040): GetOrSetLocal, mode: safepoint, requested by thread 0x000001c6e7cde000


---------------  P R O C E S S  ---------------

Java Threads: ( => current thread )
  0x000001c6e93be000 JavaThread "TimerQueue" daemon [_thread_blocked, id=7444, stack(0x000000ac32200000,0x000000ac32300000)]
  0x000001c6e8adb000 JavaThread "AWT-Windows" daemon [_thread_in_native, id=9176, stack(0x000000ac31c00000,0x000000ac31d00000)]
  0x000001c6e8ad6000 JavaThread "Java2D Disposer" daemon [_thread_blocked, id=4640, stack(0x000000ac31a00000,0x000000ac31b00000)]
  0x000001c6e7e1e000 JavaThread "Service Thread" daemon [_thread_blocked, id=8596, stack(0x000000ac31800000,0x000000ac31900000)]
  0x000001c6e7dbb800 JavaThread "C1 CompilerThread1" daemon [_thread_blocked, id=7648, stack(0x000000ac31700000,0x000000ac31800000)]
  0x000001c6e7dba800 JavaThread "C2 CompilerThread0" daemon [_thread_blocked, id=96, stack(0x000000ac31600000,0x000000ac31700000)]
  0x000001c6e7ce3000 JavaThread "JDWP Command Reader" daemon [_thread_in_native, id=10192, stack(0x000000ac31500000,0x000000ac31600000)]
  0x000001c6e7ce1800 JavaThread "JDWP Event Helper Thread" daemon [_thread_blocked, id=1704, stack(0x000000ac31400000,0x000000ac31500000)]
  0x000001c6e7cde000 JavaThread "JDWP Transport Listener: dt_socket" daemon [_thread_blocked, id=6740, stack(0x000000ac31300000,0x000000ac31400000)]
  0x000001c6e7cc0000 JavaThread "Attach Listener" daemon [_thread_blocked, id=1172, stack(0x000000ac31200000,0x000000ac31300000)]
  0x000001c6e7cbf000 JavaThread "Signal Dispatcher" daemon [_thread_blocked, id=6336, stack(0x000000ac31100000,0x000000ac31200000)]
  0x000001c6e77d8800 JavaThread "Finalizer" daemon [_thread_blocked, id=1820, stack(0x000000ac31000000,0x000000ac31100000)]
  0x000001c6e77d1000 JavaThread "Reference Handler" daemon [_thread_blocked, id=3140, stack(0x000000ac30f00000,0x000000ac31000000)]
  0x000001c6d4068800 JavaThread "main" [_thread_blocked, id=10000, stack(0x000000ac30b00000,0x000000ac30c00000)]

Other Threads:
=>0x000001c6e7c83800 VMThread [stack: 0x000000ac30e00000,0x000000ac30f00000] [id=11612]
  0x000001c6e881d000 WatcherThread [stack: 0x000000ac31900000,0x000000ac31a00000] [id=1464]

VM state:at safepoint (normal execution)

VM Mutex/Monitor currently owned by a thread:  ([mutex/lock_event])
[0x000001c6d40658a0] Threads_lock - owner thread: 0x000001c6e7c83800

heap address: 0x00000000c6e00000, size: 914 MB, Compressed Oops mode: 32-bit
Narrow klass base: 0x0000000000000000, Narrow klass shift: 3
Compressed class space size: 1073741824 Address: 0x0000000100000000

Heap:
 PSYoungGen      total 17408K, used 14149K [0x00000000ecf80000, 0x00000000ee280000, 0x0000000100000000)
  eden space 15360K, 92% used [0x00000000ecf80000,0x00000000edd51538,0x00000000ede80000)
  from space 2048K, 0% used [0x00000000ee080000,0x00000000ee080000,0x00000000ee280000)
  to   space 2048K, 0% used [0x00000000ede80000,0x00000000ede80000,0x00000000ee080000)
 ParOldGen       total 39936K, used 0K [0x00000000c6e00000, 0x00000000c9500000, 0x00000000ecf80000)
  object space 39936K, 0% used [0x00000000c6e00000,0x00000000c6e00000,0x00000000c9500000)
 Metaspace       used 12310K, capacity 12488K, committed 12672K, reserved 1060864K
  class space    used 1549K, capacity 1623K, committed 1664K, reserved 1048576K

Card table byte_map: [0x000001c6e4d70000,0x000001c6e4f40000] byte_map_base: 0x000001c6e4739000

Marking Bits: (ParMarkBitMap*) 0x0000000063154fb0
 Begin Bits: [0x000001c6e5080000, 0x000001c6e5ec8000)
 End Bits:   [0x000001c6e5ec8000, 0x000001c6e6d10000)

Polling page: 0x000001c6d4150000

CodeCache: size=245760Kb used=2385Kb max_used=2385Kb free=243375Kb
 bounds [0x000001c6d59b0000, 0x000001c6d5c20000, 0x000001c6e49b0000]
 total_blobs=1087 nmethods=591 adapters=418
 compilation: enabled

Compilation events (10 events):
Event: 223.888 Thread 0x000001c6e7dbb800  587       3       org.eclipse.jdt.launching.internal.org.objectweb.asm.SymbolTable::add (39 bytes)
Event: 223.889 Thread 0x000001c6e7dbb800 nmethod 587 0x000001c6d5c02b50 code [0x000001c6d5c02cc0, 0x000001c6d5c02fb8]
Event: 223.889 Thread 0x000001c6e7dbb800  588       3       org.eclipse.jdt.launching.internal.org.objectweb.asm.ClassReader::readUtf (161 bytes)
Event: 223.890 Thread 0x000001c6e7dbb800 nmethod 588 0x000001c6d5c03110 code [0x000001c6d5c032a0, 0x000001c6d5c03770]
Event: 223.890 Thread 0x000001c6e7dbb800  589       3       org.eclipse.jdt.launching.internal.org.objectweb.asm.ClassReader::readUTF8 (23 bytes)
Event: 223.890 Thread 0x000001c6e7dbb800 nmethod 589 0x000001c6d5c03bd0 code [0x000001c6d5c03d40, 0x000001c6d5c040b0]
Event: 395.656 Thread 0x000001c6e7dbb800  590       3       org.eclipse.jdt.launching.internal.org.objectweb.asm.SymbolTable$Entry::<init> (17 bytes)
Event: 395.657 Thread 0x000001c6e7dbb800 nmethod 590 0x000001c6d5c04250 code [0x000001c6d5c043c0, 0x000001c6d5c045b0]
Event: 407.523 Thread 0x000001c6e7dbb800  591       3       org.eclipse.jdt.launching.internal.org.objectweb.asm.SymbolTable::addConstantUtf8 (20 bytes)
Event: 407.524 Thread 0x000001c6e7dbb800 nmethod 591 0x000001c6d5c04650 code [0x000001c6d5c047e0, 0x000001c6d5c04c10]

GC Heap History (0 events):
No events

Deoptimization events (4 events):
Event: 2.739 Thread 0x000001c6e9295800 Uncommon trap: reason=class_check action=maybe_recompile pc=0x000001c6d5b36650 method=java.lang.String.equals(Ljava/lang/Object;)Z @ 8
Event: 2.739 Thread 0x000001c6e9295800 Uncommon trap: reason=class_check action=maybe_recompile pc=0x000001c6d5b36650 method=java.lang.String.equals(Ljava/lang/Object;)Z @ 8
Event: 3.044 Thread 0x000001c6e9295800 Uncommon trap: reason=class_check action=maybe_recompile pc=0x000001c6d5b36650 method=java.lang.String.equals(Ljava/lang/Object;)Z @ 8
Event: 3.044 Thread 0x000001c6e9295800 Uncommon trap: reason=class_check action=maybe_recompile pc=0x000001c6d5b36650 method=java.lang.String.equals(Ljava/lang/Object;)Z @ 8

Classes redefined (8 events):
Event: 67.328 Thread 0x000001c6e7c83800 redefined class name=CorrecaoExercicios.Exericio9, count=1
Event: 90.563 Thread 0x000001c6e7c83800 redefined class name=CorrecaoExercicios.Exericio9, count=2
Event: 95.189 Thread 0x000001c6e7c83800 redefined class name=CorrecaoExercicios.Exericio9, count=3
Event: 182.137 Thread 0x000001c6e7c83800 redefined class name=CorrecaoExercicios.Exericio9, count=4
Event: 223.894 Thread 0x000001c6e7c83800 redefined class name=CorrecaoExercicios.Exericio9, count=5
Event: 395.662 Thread 0x000001c6e7c83800 redefined class name=CorrecaoExercicios.Exericio9, count=6
Event: 407.528 Thread 0x000001c6e7c83800 redefined class name=CorrecaoExercicios.Exericio9, count=7
Event: 416.158 Thread 0x000001c6e7c83800 redefined class name=CorrecaoExercicios.Exericio9, count=8

Internal exceptions (10 events):
Event: 0.240 Thread 0x000001c6d4068800 Exception <a 'java/lang/NoSuchMethodError': Method sun.misc.Unsafe.defineClass(Ljava/lang/String;[BII)Ljava/lang/Class; name or signature does not match> (0x00000000ecf87cc0) thrown at [C:\jenkins\workspace\8-2-build-windows-amd64-cygwin\jdk8u261\295\hots
Event: 0.241 Thread 0x000001c6d4068800 Exception <a 'java/lang/NoSuchMethodError': Method sun.misc.Unsafe.prefetchRead(Ljava/lang/Object;J)V name or signature does not match> (0x00000000ecf87fa8) thrown at [C:\jenkins\workspace\8-2-build-windows-amd64-cygwin\jdk8u261\295\hotspot\src\share\vm\p
Event: 0.999 Thread 0x000001c6d4068800 Exception <a 'java/security/PrivilegedActionException'> (0x00000000ed492410) thrown at [C:\jenkins\workspace\8-2-build-windows-amd64-cygwin\jdk8u261\295\hotspot\src\share\vm\prims\jvm.cpp, line 1512]
Event: 0.999 Thread 0x000001c6d4068800 Exception <a 'java/security/PrivilegedActionException'> (0x00000000ed492620) thrown at [C:\jenkins\workspace\8-2-build-windows-amd64-cygwin\jdk8u261\295\hotspot\src\share\vm\prims\jvm.cpp, line 1512]
Event: 1.011 Thread 0x000001c6d4068800 Exception <a 'java/security/PrivilegedActionException'> (0x00000000ed496290) thrown at [C:\jenkins\workspace\8-2-build-windows-amd64-cygwin\jdk8u261\295\hotspot\src\share\vm\prims\jvm.cpp, line 1512]
Event: 1.011 Thread 0x000001c6d4068800 Exception <a 'java/security/PrivilegedActionException'> (0x00000000ed4964a0) thrown at [C:\jenkins\workspace\8-2-build-windows-amd64-cygwin\jdk8u261\295\hotspot\src\share\vm\prims\jvm.cpp, line 1512]
Event: 1.031 Thread 0x000001c6d4068800 Exception <a 'java/io/FileNotFoundException'> (0x00000000ed4a6ad8) thrown at [C:\jenkins\workspace\8-2-build-windows-amd64-cygwin\jdk8u261\295\hotspot\src\share\vm\prims\jni.cpp, line 710]
Event: 1.134 Thread 0x000001c6d4068800 Exception <a 'java/lang/NoSuchFieldError': method resolution failed> (0x00000000ed5cc9b8) thrown at [C:\jenkins\workspace\8-2-build-windows-amd64-cygwin\jdk8u261\295\hotspot\src\share\vm\prims\methodHandles.cpp, line 1169]
Event: 1.151 Thread 0x000001c6d4068800 Exception <a 'java/lang/NoSuchFieldError': method resolution failed> (0x00000000ed5da7d0) thrown at [C:\jenkins\workspace\8-2-build-windows-amd64-cygwin\jdk8u261\295\hotspot\src\share\vm\prims\methodHandles.cpp, line 1169]
Event: 1.284 Thread 0x000001c6d4068800 Exception <a 'java/io/FileNotFoundException'> (0x00000000ed806920) thrown at [C:\jenkins\workspace\8-2-build-windows-amd64-cygwin\jdk8u261\295\hotspot\src\share\vm\prims\jni.cpp, line 710]

Events (10 events):
Event: 407.613 Executing VM operation: GetCurrentContendedMonitor done
Event: 416.155 Executing VM operation: RedefineClasses
Event: 416.158 Executing VM operation: RedefineClasses done
Event: 416.169 Executing VM operation: ChangeBreakpoints
Event: 416.169 Executing VM operation: ChangeBreakpoints done
Event: 416.330 Executing VM operation: GetOwnedMonitorInfo
Event: 416.330 Executing VM operation: GetOwnedMonitorInfo done
Event: 416.330 Executing VM operation: GetCurrentContendedMonitor
Event: 416.330 Executing VM operation: GetCurrentContendedMonitor done
Event: 441.010 Executing VM operation: GetOrSetLocal


Dynamic libraries:
0x00007ff76f730000 - 0x00007ff76f777000 	C:\Program Files\Java\jre1.8.0_261\bin\javaw.exe
0x00007ff9f3c80000 - 0x00007ff9f3e70000 	C:\Windows\SYSTEM32\ntdll.dll
0x00007ff9f2980000 - 0x00007ff9f2a32000 	C:\Windows\System32\KERNEL32.DLL
0x00007ff9f0ea0000 - 0x00007ff9f1145000 	C:\Windows\System32\KERNELBASE.dll
0x00007ff9f28d0000 - 0x00007ff9f2973000 	C:\Windows\System32\ADVAPI32.dll
0x00007ff9f2dd0000 - 0x00007ff9f2e6e000 	C:\Windows\System32\msvcrt.dll
0x00007ff9f3ba0000 - 0x00007ff9f3c37000 	C:\Windows\System32\sechost.dll
0x00007ff9f27b0000 - 0x00007ff9f28d0000 	C:\Windows\System32\RPCRT4.dll
0x00007ff9f2ed0000 - 0x00007ff9f3064000 	C:\Windows\System32\USER32.dll
0x00007ff9f0e10000 - 0x00007ff9f0e31000 	C:\Windows\System32\win32u.dll
0x00007ff9f2e70000 - 0x00007ff9f2e96000 	C:\Windows\System32\GDI32.dll
0x00007ff9f0c00000 - 0x00007ff9f0d96000 	C:\Windows\System32\gdi32full.dll
0x00007ff9f1a60000 - 0x00007ff9f1afe000 	C:\Windows\System32\msvcp_win.dll
0x00007ff9f1960000 - 0x00007ff9f1a5a000 	C:\Windows\System32\ucrtbase.dll
0x00007ff9df3a0000 - 0x00007ff9df624000 	C:\Windows\WinSxS\amd64_microsoft.windows.common-controls_6595b64144ccf1df_6.0.18362.1198_none_9e820b57e45ad92f\COMCTL32.dll
0x00007ff9f3860000 - 0x00007ff9f3b95000 	C:\Windows\System32\combase.dll
0x00007ff9f18e0000 - 0x00007ff9f1960000 	C:\Windows\System32\bcryptPrimitives.dll
0x00007ff9f2780000 - 0x00007ff9f27ae000 	C:\Windows\System32\IMM32.DLL
0x00007ff9e45a0000 - 0x00007ff9e45b5000 	C:\Program Files\Java\jre1.8.0_261\bin\vcruntime140.dll
0x00007ff9d0fc0000 - 0x00007ff9d105b000 	C:\Program Files\Java\jre1.8.0_261\bin\msvcp140.dll
0x0000000062960000 - 0x00000000631cc000 	C:\Program Files\Java\jre1.8.0_261\bin\server\jvm.dll
0x00007ff9f2c00000 - 0x00007ff9f2c08000 	C:\Windows\System32\PSAPI.DLL
0x00007ff9ebd40000 - 0x00007ff9ebd49000 	C:\Windows\SYSTEM32\WSOCK32.dll
0x00007ff9f2c10000 - 0x00007ff9f2c7f000 	C:\Windows\System32\WS2_32.dll
0x00007ff9ee9f0000 - 0x00007ff9eea14000 	C:\Windows\SYSTEM32\WINMM.dll
0x00007ff9e6d00000 - 0x00007ff9e6d0a000 	C:\Windows\SYSTEM32\VERSION.dll
0x00007ff9ee9c0000 - 0x00007ff9ee9ed000 	C:\Windows\SYSTEM32\WINMMBASE.dll
0x00007ff9f0da0000 - 0x00007ff9f0dea000 	C:\Windows\System32\cfgmgr32.dll
0x00007ff9f0be0000 - 0x00007ff9f0bf1000 	C:\Windows\System32\kernel.appcore.dll
0x00007ff9ea0e0000 - 0x00007ff9ea0f0000 	C:\Program Files\Java\jre1.8.0_261\bin\verify.dll
0x00007ff9e5340000 - 0x00007ff9e536b000 	C:\Program Files\Java\jre1.8.0_261\bin\java.dll
0x00007ff9e4560000 - 0x00007ff9e4596000 	C:\Program Files\Java\jre1.8.0_261\bin\jdwp.dll
0x00007ff9e4550000 - 0x00007ff9e4559000 	C:\Program Files\Java\jre1.8.0_261\bin\npt.dll
0x00007ff9d0f80000 - 0x00007ff9d0fb2000 	C:\Program Files\Java\jre1.8.0_261\bin\instrument.dll
0x00007ff9e5320000 - 0x00007ff9e5338000 	C:\Program Files\Java\jre1.8.0_261\bin\zip.dll
0x00007ff9f30e0000 - 0x00007ff9f37c7000 	C:\Windows\System32\SHELL32.dll
0x00007ff9f2490000 - 0x00007ff9f2539000 	C:\Windows\System32\shcore.dll
0x00007ff9f1150000 - 0x00007ff9f18d1000 	C:\Windows\System32\windows.storage.dll
0x00007ff9f0bb0000 - 0x00007ff9f0bd3000 	C:\Windows\System32\profapi.dll
0x00007ff9f0b40000 - 0x00007ff9f0b8a000 	C:\Windows\System32\powrprof.dll
0x00007ff9f0b30000 - 0x00007ff9f0b40000 	C:\Windows\System32\UMPDC.dll
0x00007ff9f2540000 - 0x00007ff9f2592000 	C:\Windows\System32\shlwapi.dll
0x00007ff9f0df0000 - 0x00007ff9f0e07000 	C:\Windows\System32\cryptsp.dll
0x00007ff9e2100000 - 0x00007ff9e210a000 	C:\Program Files\Java\jre1.8.0_261\bin\dt_socket.dll
0x00007ff9cf6a0000 - 0x00007ff9cf6b6000 	C:\Windows\system32\napinsp.dll
0x00007ff9d0d50000 - 0x00007ff9d0d6a000 	C:\Windows\system32\pnrpnsp.dll
0x00007ff9f0320000 - 0x00007ff9f0387000 	C:\Windows\System32\mswsock.dll
0x00007ff9f0070000 - 0x00007ff9f013b000 	C:\Windows\SYSTEM32\DNSAPI.dll
0x00007ff9f3850000 - 0x00007ff9f3858000 	C:\Windows\System32\NSI.dll
0x00007ff9f0030000 - 0x00007ff9f006a000 	C:\Windows\SYSTEM32\IPHLPAPI.DLL
0x00007ff9d0d40000 - 0x00007ff9d0d4e000 	C:\Windows\System32\winrnr.dll
0x00007ff9e91c0000 - 0x00007ff9e91dc000 	C:\Windows\system32\NLAapi.dll
0x00007ff9ec2d0000 - 0x00007ff9ec2e5000 	C:\Windows\system32\wshbth.dll
0x00007ff9e5a70000 - 0x00007ff9e5ae7000 	C:\Windows\System32\fwpuclnt.dll
0x00007ff9f1d00000 - 0x00007ff9f1d26000 	C:\Windows\System32\bcrypt.dll
0x00007ff9e1c90000 - 0x00007ff9e1c9a000 	C:\Windows\System32\rasadhlp.dll
0x00007ff9b8470000 - 0x00007ff9b8604000 	C:\Program Files\Java\jre1.8.0_261\bin\awt.dll
0x00007ff9f25a0000 - 0x00007ff9f2665000 	C:\Windows\System32\OLEAUT32.dll
0x00007ff9eeb20000 - 0x00007ff9eebaf000 	C:\Windows\SYSTEM32\apphelp.dll
0x00007ff9eecc0000 - 0x00007ff9eed59000 	C:\Windows\system32\uxtheme.dll
0x00007ff9f1ee0000 - 0x00007ff9f2015000 	C:\Windows\System32\MSCTF.dll
0x00007ff9f2aa0000 - 0x00007ff9f2bf7000 	C:\Windows\System32\ole32.dll
0x00007ff9ef200000 - 0x00007ff9ef22d000 	C:\Windows\system32\DWMAPI.DLL
0x00007ff9ce760000 - 0x00007ff9ce7a9000 	C:\Program Files\Java\jre1.8.0_261\bin\fontmanager.dll
0x00007ff9d15a0000 - 0x00007ff9d16f6000 	C:\Windows\system32\opengl32.dll
0x00007ff9e2f40000 - 0x00007ff9e2f6c000 	C:\Windows\SYSTEM32\GLU32.dll
0x00007ff9ef7e0000 - 0x00007ff9ef800000 	C:\Windows\SYSTEM32\dxcore.dll
0x00007ff9e2a10000 - 0x00007ff9e2a2c000 	C:\Program Files\Java\jre1.8.0_261\bin\net.dll
0x00007ff9e28d0000 - 0x00007ff9e28e3000 	C:\Program Files\Java\jre1.8.0_261\bin\nio.dll
0x00007ff9c1a60000 - 0x00007ff9c1aa3000 	C:\Program Files\Java\jre1.8.0_261\bin\t2k.dll
0x00007ff9f26d0000 - 0x00007ff9f2772000 	C:\Windows\System32\clbcatq.dll
0x00007ff9eb910000 - 0x00007ff9ebabf000 	C:\Windows\SYSTEM32\WindowsCodecs.dll
0x00007ff9dfe30000 - 0x00007ff9dfe6a000 	C:\Windows\system32\dataexchange.dll
0x00007ff9ee250000 - 0x00007ff9ee42d000 	C:\Windows\system32\dcomp.dll
0x00007ff9edb90000 - 0x00007ff9eddeb000 	C:\Windows\system32\d3d11.dll
0x00007ff9ef800000 - 0x00007ff9ef8eb000 	C:\Windows\system32\dxgi.dll
0x00007ff9eed80000 - 0x00007ff9eefe2000 	C:\Windows\system32\twinapi.appcore.dll
0x00007ff9ef1d0000 - 0x00007ff9ef1f9000 	C:\Windows\system32\RMCLIENT.dll
0x00007ff9eb630000 - 0x00007ff9eb6ce000 	C:\Windows\System32\TextInputFramework.dll
0x00007ff9ebfa0000 - 0x00007ff9ec2ca000 	C:\Windows\System32\CoreUIComponents.dll
0x00007ff9ee430000 - 0x00007ff9ee504000 	C:\Windows\System32\CoreMessaging.dll
0x00007ff9efb70000 - 0x00007ff9efba1000 	C:\Windows\SYSTEM32\ntmarta.dll
0x00007ff9ec6f0000 - 0x00007ff9ec843000 	C:\Windows\SYSTEM32\wintypes.dll
0x00007ff9e35d0000 - 0x00007ff9e3877000 	C:\Windows\System32\iertutil.dll
0x00007ff9e7de0000 - 0x00007ff9e7fd4000 	C:\Windows\SYSTEM32\dbghelp.dll

VM Arguments:
jvm_args: -agentlib:jdwp=transport=dt_socket,suspend=y,address=localhost:55145 -javaagent:C:\eclipse\configuration\org.eclipse.osgi\413\0\.cp\lib\javaagent-shaded.jar -Dfile.encoding=Cp1252 
java_command: CorrecaoExercicios.Exericio9
java_class_path (initial): C:\Users\Apex02\Documents\Java - Sarah\Aula01\bin;C:\eclipse\configuration\org.eclipse.osgi\413\0\.cp\lib\javaagent-shaded.jar
Launcher Type: SUN_STANDARD

Environment Variables:
PATH=C:/Program Files/Java/jre1.8.0_261/bin/server;C:/Program Files/Java/jre1.8.0_261/bin;C:/Program Files/Java/jre1.8.0_261/lib/amd64;C:\Program Files (x86)\Common Files\Oracle\Java\javapath;C:\Windows\system32;C:\Windows;C:\Windows\System32\Wbem;C:\Windows\System32\WindowsPowerShell\v1.0\;C:\Windows\System32\OpenSSH\;C:\Program Files (x86)\Microsoft SQL Server\150\DTS\Binn\;C:\Program Files\Microsoft SQL Server\Client SDK\ODBC\170\Tools\Binn\;C:\Program Files (x86)\Microsoft SQL Server\150\Tools\Binn\;C:\Program Files\Microsoft SQL Server\150\Tools\Binn\;C:\Program Files\Microsoft SQL Server\150\DTS\Binn\;C:\Program Files\dotnet\;C:\Program Files\Microsoft SQL Server\130\Tools\Binn\;C:\Program Files\Git\cmd;C:\Program Files\nodejs\;C:\ProgramData\chocolatey\bin;C:\Users\Apex02\AppData\Local\Programs\Python\Python39\Scripts\;C:\Users\Apex02\AppData\Local\Programs\Python\Python39\;C:\Users\Apex02\AppData\Local\Microsoft\WindowsApps;C:\Users\Apex02\.dotnet\tools;C:\Users\Apex02\AppData\Local\GitHubDesktop\bin;C:\Users\Apex02\AppData\Local\Programs\Microsoft VS Code\bin;C:\Users\Apex02\AppData\Roaming\npm;C:\eclipse;
USERNAME=Apex02
OS=Windows_NT
PROCESSOR_IDENTIFIER=Intel64 Family 6 Model 58 Stepping 9, GenuineIntel



---------------  S Y S T E M  ---------------

OS: Windows 10.0 , 64 bit Build 18362 (10.0.18362.1110)

CPU:total 2 (initial active 2) (2 cores per cpu, 1 threads per core) family 6 model 58 stepping 9, cmov, cx8, fxsr, mmx, sse, sse2, sse3, ssse3, sse4.1, sse4.2, popcnt, clmul, erms, tsc, tscinvbit, tscinv

Memory: 4k page, physical 3739516k(662736k free), swap 6669212k(1786924k free)

vm_info: Java HotSpot(TM) 64-Bit Server VM (25.261-b12) for windows-amd64 JRE (1.8.0_261-b12), built on Jun 18 2020 06:56:32 by "" with unknown MS VC++:1916

time: Sat Dec  5 14:45:44 2020
timezone: Hora oficial do Brasil
elapsed time: 441 seconds (0d 0h 7m 21s)

